{"meta": {"format": 3, "version": "7.6.0", "timestamp": "2024-07-29T09:00:11.422600", "branch_coverage": true, "show_contexts": false}, "files": {"app\\__init__.py": {"executed_lines": [1, 2, 4, 5], "summary": {"covered_lines": 4, "num_statements": 4, "percent_covered": 100.0, "percent_covered_display": "100", "missing_lines": 0, "excluded_lines": 0, "num_branches": 0, "num_partial_branches": 0, "covered_branches": 0, "missing_branches": 0}, "missing_lines": [], "excluded_lines": [], "executed_branches": [], "missing_branches": [], "functions": {"_read_integer": {"executed_lines": [2], "summary": {"covered_lines": 1, "num_statements": 1, "percent_covered": 100.0, "percent_covered_display": "100", "missing_lines": 0, "excluded_lines": 0, "num_branches": 0, "num_partial_branches": 0, "covered_branches": 0, "missing_branches": 0}, "missing_lines": [], "excluded_lines": [], "executed_branches": [], "missing_branches": []}, "_buffer": {"executed_lines": [5], "summary": {"covered_lines": 1, "num_statements": 1, "percent_covered": 100.0, "percent_covered_display": "100", "missing_lines": 0, "excluded_lines": 0, "num_branches": 0, "num_partial_branches": 0, "covered_branches": 0, "missing_branches": 0}, "missing_lines": [], "excluded_lines": [], "executed_branches": [], "missing_branches": []}, "": {"executed_lines": [1, 4], "summary": {"covered_lines": 2, "num_statements": 2, "percent_covered": 100.0, "percent_covered_display": "100", "missing_lines": 0, "excluded_lines": 0, "num_branches": 0, "num_partial_branches": 0, "covered_branches": 0, "missing_branches": 0}, "missing_lines": [], "excluded_lines": [], "executed_branches": [], "missing_branches": []}}, "classes": {"": {"executed_lines": [1, 2, 4, 5], "summary": {"covered_lines": 4, "num_statements": 4, "percent_covered": 100.0, "percent_covered_display": "100", "missing_lines": 0, "excluded_lines": 0, "num_branches": 0, "num_partial_branches": 0, "covered_branches": 0, "missing_branches": 0}, "missing_lines": [], "excluded_lines": [], "executed_branches": [], "missing_branches": []}}}, "app\\cells.py": {"executed_lines": [1, 2, 4, 5, 7, 10, 11, 12, 13, 16, 17, 18, 20, 21, 22, 23, 25, 26, 27, 28, 29, 30, 33, 34, 35, 36, 37, 38, 42, 43, 44, 45, 48, 49, 51, 52, 54, 55, 57, 60, 61, 62, 63, 64, 65, 66, 67, 68, 69, 70, 71, 72, 74, 75, 76, 77, 78, 83, 84, 85, 86, 87, 88, 89, 90, 91, 92, 95, 96, 97, 98, 99, 100, 101, 102, 103, 104, 105, 106, 107], "summary": {"covered_lines": 80, "num_statements": 82, "percent_covered": 96.0, "percent_covered_display": "96", "missing_lines": 2, "excluded_lines": 0, "num_branches": 18, "num_partial_branches": 2, "covered_branches": 16, "missing_branches": 2}, "missing_lines": [58, 108], "excluded_lines": [], "executed_branches": [[27, -25], [27, 28], [57, -34], [62, 63], [62, 71], [71, -60], [71, 72], [85, 86], [85, 87], [87, 88], [87, 89], [89, 90], [89, 91], [91, 92], [91, 96], [97, 98]], "missing_branches": [[57, 58], [97, 108]], "functions": {"DecodeError.__init__": {"executed_lines": [12, 13], "summary": {"covered_lines": 2, "num_statements": 2, "percent_covered": 100.0, "percent_covered_display": "100", "missing_lines": 0, "excluded_lines": 0, "num_branches": 0, "num_partial_branches": 0, "covered_branches": 0, "missing_branches": 0}, "missing_lines": [], "excluded_lines": [], "executed_branches": [], "missing_branches": []}, "VarintReader.__init__": {"executed_lines": [18], "summary": {"covered_lines": 1, "num_statements": 1, "percent_covered": 100.0, "percent_covered_display": "100", "missing_lines": 0, "excluded_lines": 0, "num_branches": 0, "num_partial_branches": 0, "covered_branches": 0, "missing_branches": 0}, "missing_lines": [], "excluded_lines": [], "executed_branches": [], "missing_branches": []}, "VarintReader.__next__": {"executed_lines": [21, 22, 23], "summary": {"covered_lines": 3, "num_statements": 3, "percent_covered": 100.0, "percent_covered_display": "100", "missing_lines": 0, "excluded_lines": 0, "num_branches": 0, "num_partial_branches": 0, "covered_branches": 0, "missing_branches": 0}, "missing_lines": [], "excluded_lines": [], "executed_branches": [], "missing_branches": []}, "VarintReader.read": {"executed_lines": [26, 27, 28, 29, 30], "summary": {"covered_lines": 5, "num_statements": 5, "percent_covered": 100.0, "percent_covered_display": "100", "missing_lines": 0, "excluded_lines": 0, "num_branches": 2, "num_partial_branches": 0, "covered_branches": 2, "missing_branches": 0}, "missing_lines": [], "excluded_lines": [], "executed_branches": [[27, -25], [27, 28]], "missing_branches": []}, "TableLeafCell.__init__": {"executed_lines": [35, 36, 37, 38, 42, 43, 44, 45, 48, 49, 51, 52, 54, 55, 57], "summary": {"covered_lines": 15, "num_statements": 16, "percent_covered": 88.88888888888889, "percent_covered_display": "89", "missing_lines": 1, "excluded_lines": 0, "num_branches": 2, "num_partial_branches": 1, "covered_branches": 1, "missing_branches": 1}, "missing_lines": [58], "excluded_lines": [], "executed_branches": [[57, -34]], "missing_branches": [[57, 58]]}, "TableLeafCell._read_columns": {"executed_lines": [61, 62, 63, 64, 65, 66, 67, 68, 69, 70, 71, 72], "summary": {"covered_lines": 12, "num_statements": 12, "percent_covered": 100.0, "percent_covered_display": "100", "missing_lines": 0, "excluded_lines": 0, "num_branches": 4, "num_partial_branches": 0, "covered_branches": 4, "missing_branches": 0}, "missing_lines": [], "excluded_lines": [], "executed_branches": [[62, 63], [62, 71], [71, -60], [71, 72]], "missing_branches": []}, "TableLeafCell._log_errors": {"executed_lines": [75, 76, 77, 78], "summary": {"covered_lines": 4, "num_statements": 4, "percent_covered": 100.0, "percent_covered_display": "100", "missing_lines": 0, "excluded_lines": 0, "num_branches": 0, "num_partial_branches": 0, "covered_branches": 0, "missing_branches": 0}, "missing_lines": [], "excluded_lines": [], "executed_branches": [], "missing_branches": []}, "decode": {"executed_lines": [84, 85, 86, 87, 88, 89, 90, 91, 92, 95, 96, 97, 98, 99, 100, 101, 102, 103, 104, 105, 106, 107], "summary": {"covered_lines": 22, "num_statements": 23, "percent_covered": 93.93939393939394, "percent_covered_display": "94", "missing_lines": 1, "excluded_lines": 0, "num_branches": 10, "num_partial_branches": 1, "covered_branches": 9, "missing_branches": 1}, "missing_lines": [108], "excluded_lines": [], "executed_branches": [[85, 86], [85, 87], [87, 88], [87, 89], [89, 90], [89, 91], [91, 92], [91, 96], [97, 98]], "missing_branches": [[97, 108]]}, "": {"executed_lines": [1, 2, 4, 5, 7, 10, 11, 16, 17, 20, 25, 33, 34, 60, 74, 83], "summary": {"covered_lines": 16, "num_statements": 16, "percent_covered": 100.0, "percent_covered_display": "100", "missing_lines": 0, "excluded_lines": 0, "num_branches": 0, "num_partial_branches": 0, "covered_branches": 0, "missing_branches": 0}, "missing_lines": [], "excluded_lines": [], "executed_branches": [], "missing_branches": []}}, "classes": {"DecodeError": {"executed_lines": [12, 13], "summary": {"covered_lines": 2, "num_statements": 2, "percent_covered": 100.0, "percent_covered_display": "100", "missing_lines": 0, "excluded_lines": 0, "num_branches": 0, "num_partial_branches": 0, "covered_branches": 0, "missing_branches": 0}, "missing_lines": [], "excluded_lines": [], "executed_branches": [], "missing_branches": []}, "VarintReader": {"executed_lines": [18, 21, 22, 23, 26, 27, 28, 29, 30], "summary": {"covered_lines": 9, "num_statements": 9, "percent_covered": 100.0, "percent_covered_display": "100", "missing_lines": 0, "excluded_lines": 0, "num_branches": 2, "num_partial_branches": 0, "covered_branches": 2, "missing_branches": 0}, "missing_lines": [], "excluded_lines": [], "executed_branches": [[27, -25], [27, 28]], "missing_branches": []}, "TableLeafCell": {"executed_lines": [35, 36, 37, 38, 42, 43, 44, 45, 48, 49, 51, 52, 54, 55, 57, 61, 62, 63, 64, 65, 66, 67, 68, 69, 70, 71, 72, 75, 76, 77, 78], "summary": {"covered_lines": 31, "num_statements": 32, "percent_covered": 94.73684210526316, "percent_covered_display": "95", "missing_lines": 1, "excluded_lines": 0, "num_branches": 6, "num_partial_branches": 1, "covered_branches": 5, "missing_branches": 1}, "missing_lines": [58], "excluded_lines": [], "executed_branches": [[57, -34], [62, 63], [62, 71], [71, -60], [71, 72]], "missing_branches": [[57, 58]]}, "": {"executed_lines": [1, 2, 4, 5, 7, 10, 11, 16, 17, 20, 25, 33, 34, 60, 74, 83, 84, 85, 86, 87, 88, 89, 90, 91, 92, 95, 96, 97, 98, 99, 100, 101, 102, 103, 104, 105, 106, 107], "summary": {"covered_lines": 38, "num_statements": 39, "percent_covered": 95.91836734693878, "percent_covered_display": "96", "missing_lines": 1, "excluded_lines": 0, "num_branches": 10, "num_partial_branches": 1, "covered_branches": 9, "missing_branches": 1}, "missing_lines": [108], "excluded_lines": [], "executed_branches": [[85, 86], [85, 87], [87, 88], [87, 89], [89, 90], [89, 91], [91, 92], [91, 96], [97, 98]], "missing_branches": [[97, 108]]}}}, "app\\main.py": {"executed_lines": [1, 2, 3, 4, 5, 6, 7, 8, 10, 11, 14, 15, 16, 19, 23, 24, 26, 29, 30, 31, 32, 33, 35, 36, 38, 39, 41, 42, 44, 47, 48, 51, 52, 53, 55, 56, 57, 58, 59, 60, 61, 62, 63, 65, 66, 67, 68, 70, 71, 76, 77, 84, 85, 86, 87, 89, 91, 92, 93, 94, 95, 96, 97, 98, 100, 104, 107, 108, 110, 114, 120, 121, 122, 123, 124, 126, 127, 128, 129, 131, 133, 147, 148, 149, 151, 152, 153, 155, 156, 157, 159, 160, 163, 164, 165, 167, 169, 175, 176, 179, 181, 182, 184, 185, 186, 187, 188, 191, 217], "summary": {"covered_lines": 109, "num_statements": 142, "percent_covered": 73.3695652173913, "percent_covered_display": "73", "missing_lines": 33, "excluded_lines": 0, "num_branches": 42, "num_partial_branches": 4, "covered_branches": 26, "missing_branches": 16}, "missing_lines": [45, 125, 134, 135, 140, 141, 144, 145, 166, 170, 173, 192, 193, 194, 195, 196, 197, 198, 200, 201, 202, 203, 204, 205, 206, 207, 208, 209, 210, 211, 212, 214, 218], "excluded_lines": [], "executed_branches": [[51, 52], [51, 53], [56, -55], [56, 57], [66, -65], [66, 67], [67, 66], [67, 68], [84, 85], [84, 86], [121, 122], [121, 126], [122, 123], [122, 124], [124, -91], [126, 127], [127, 128], [127, 131], [148, 147], [148, 151], [152, 151], [152, 155], [156, 155], [156, 159], [165, 167], [217, -1]], "missing_branches": [[124, 125], [126, -91], [141, -141], [141, 144], [165, 166], [194, 195], [194, 196], [197, 198], [197, 200], [201, 202], [201, 205], [205, 206], [205, 208], [210, 211], [210, 214], [217, 218]], "functions": {"PageType.is_interior": {"executed_lines": [36], "summary": {"covered_lines": 1, "num_statements": 1, "percent_covered": 100.0, "percent_covered_display": "100", "missing_lines": 0, "excluded_lines": 0, "num_branches": 0, "num_partial_branches": 0, "covered_branches": 0, "missing_branches": 0}, "missing_lines": [], "excluded_lines": [], "executed_branches": [], "missing_branches": []}, "PageType.is_table": {"executed_lines": [39], "summary": {"covered_lines": 1, "num_statements": 1, "percent_covered": 100.0, "percent_covered_display": "100", "missing_lines": 0, "excluded_lines": 0, "num_branches": 0, "num_partial_branches": 0, "covered_branches": 0, "missing_branches": 0}, "missing_lines": [], "excluded_lines": [], "executed_branches": [], "missing_branches": []}, "PageType.is_leaf": {"executed_lines": [42], "summary": {"covered_lines": 1, "num_statements": 1, "percent_covered": 100.0, "percent_covered_display": "100", "missing_lines": 0, "excluded_lines": 0, "num_branches": 0, "num_partial_branches": 0, "covered_branches": 0, "missing_branches": 0}, "missing_lines": [], "excluded_lines": [], "executed_branches": [], "missing_branches": []}, "PageType.is_index": {"executed_lines": [], "summary": {"covered_lines": 0, "num_statements": 1, "percent_covered": 0.0, "percent_covered_display": "0", "missing_lines": 1, "excluded_lines": 0, "num_branches": 0, "num_partial_branches": 0, "covered_branches": 0, "missing_branches": 0}, "missing_lines": [45], "excluded_lines": [], "executed_branches": [], "missing_branches": []}, "PageType.cell_pointer_array_offset": {"executed_lines": [48], "summary": {"covered_lines": 1, "num_statements": 1, "percent_covered": 100.0, "percent_covered_display": "100", "missing_lines": 0, "excluded_lines": 0, "num_branches": 0, "num_partial_branches": 0, "covered_branches": 0, "missing_branches": 0}, "missing_lines": [], "excluded_lines": [], "executed_branches": [], "missing_branches": []}, "DbInfo.__init__": {"executed_lines": [56, 57, 58, 59, 60, 61, 62, 63], "summary": {"covered_lines": 8, "num_statements": 8, "percent_covered": 100.0, "percent_covered_display": "100", "missing_lines": 0, "excluded_lines": 0, "num_branches": 2, "num_partial_branches": 0, "covered_branches": 2, "missing_branches": 0}, "missing_lines": [], "excluded_lines": [], "executed_branches": [[56, -55], [56, 57]], "missing_branches": []}, "DbInfo.find_table": {"executed_lines": [66, 67, 68], "summary": {"covered_lines": 3, "num_statements": 3, "percent_covered": 100.0, "percent_covered_display": "100", "missing_lines": 0, "excluded_lines": 0, "num_branches": 4, "num_partial_branches": 0, "covered_branches": 4, "missing_branches": 0}, "missing_lines": [], "excluded_lines": [], "executed_branches": [[66, -65], [66, 67], [67, 66], [67, 68]], "missing_branches": []}, "DbInfo._table": {"executed_lines": [71], "summary": {"covered_lines": 1, "num_statements": 1, "percent_covered": 100.0, "percent_covered_display": "100", "missing_lines": 0, "excluded_lines": 0, "num_branches": 0, "num_partial_branches": 0, "covered_branches": 0, "missing_branches": 0}, "missing_lines": [], "excluded_lines": [], "executed_branches": [], "missing_branches": []}, "extract_table_names": {"executed_lines": [77], "summary": {"covered_lines": 1, "num_statements": 1, "percent_covered": 100.0, "percent_covered_display": "100", "missing_lines": 0, "excluded_lines": 0, "num_branches": 0, "num_partial_branches": 0, "covered_branches": 0, "missing_branches": 0}, "missing_lines": [], "excluded_lines": [], "executed_branches": [], "missing_branches": []}, "DbPage.__init__": {"executed_lines": [92, 93, 94, 95, 96, 97, 98, 100, 104, 107, 108, 110, 114, 120, 121, 122, 123, 124, 126, 127, 128, 129, 131], "summary": {"covered_lines": 23, "num_statements": 24, "percent_covered": 91.17647058823529, "percent_covered_display": "91", "missing_lines": 1, "excluded_lines": 0, "num_branches": 10, "num_partial_branches": 2, "covered_branches": 8, "missing_branches": 2}, "missing_lines": [125], "excluded_lines": [], "executed_branches": [[121, 122], [121, 126], [122, 123], [122, 124], [124, -91], [126, 127], [127, 128], [127, 131]], "missing_branches": [[124, 125], [126, -91]]}, "DbPage._log_leaf_page_error": {"executed_lines": [], "summary": {"covered_lines": 0, "num_statements": 6, "percent_covered": 0.0, "percent_covered_display": "0", "missing_lines": 6, "excluded_lines": 0, "num_branches": 2, "num_partial_branches": 0, "covered_branches": 0, "missing_branches": 2}, "missing_lines": [134, 135, 140, 141, 144, 145], "excluded_lines": [], "executed_branches": [], "missing_branches": [[141, -141], [141, 144]]}, "DbPage._page_content_cells_offset": {"executed_lines": [149], "summary": {"covered_lines": 1, "num_statements": 1, "percent_covered": 100.0, "percent_covered_display": "100", "missing_lines": 0, "excluded_lines": 0, "num_branches": 0, "num_partial_branches": 0, "covered_branches": 0, "missing_branches": 0}, "missing_lines": [], "excluded_lines": [], "executed_branches": [], "missing_branches": []}, "DbPage._page_offset": {"executed_lines": [153], "summary": {"covered_lines": 1, "num_statements": 1, "percent_covered": 100.0, "percent_covered_display": "100", "missing_lines": 0, "excluded_lines": 0, "num_branches": 0, "num_partial_branches": 0, "covered_branches": 0, "missing_branches": 0}, "missing_lines": [], "excluded_lines": [], "executed_branches": [], "missing_branches": []}, "DbPage._cell_content_offset": {"executed_lines": [157], "summary": {"covered_lines": 1, "num_statements": 1, "percent_covered": 100.0, "percent_covered_display": "100", "missing_lines": 0, "excluded_lines": 0, "num_branches": 0, "num_partial_branches": 0, "covered_branches": 0, "missing_branches": 0}, "missing_lines": [], "excluded_lines": [], "executed_branches": [], "missing_branches": []}, "DbPage._get_row": {"executed_lines": [160, 163, 164, 165, 167], "summary": {"covered_lines": 5, "num_statements": 6, "percent_covered": 75.0, "percent_covered_display": "75", "missing_lines": 1, "excluded_lines": 0, "num_branches": 2, "num_partial_branches": 1, "covered_branches": 1, "missing_branches": 1}, "missing_lines": [166], "excluded_lines": [], "executed_branches": [[165, 167]], "missing_branches": [[165, 166]]}, "DbPage._log_cell_errors": {"executed_lines": [], "summary": {"covered_lines": 0, "num_statements": 2, "percent_covered": 0.0, "percent_covered_display": "0", "missing_lines": 2, "excluded_lines": 0, "num_branches": 0, "num_partial_branches": 0, "covered_branches": 0, "missing_branches": 0}, "missing_lines": [170, 173], "excluded_lines": [], "executed_branches": [], "missing_branches": []}, "DbPage._cell_content_pointer": {"executed_lines": [176, 179], "summary": {"covered_lines": 2, "num_statements": 2, "percent_covered": 100.0, "percent_covered_display": "100", "missing_lines": 0, "excluded_lines": 0, "num_branches": 0, "num_partial_branches": 0, "covered_branches": 0, "missing_branches": 0}, "missing_lines": [], "excluded_lines": [], "executed_branches": [], "missing_branches": []}, "DbPage._read_integer": {"executed_lines": [182], "summary": {"covered_lines": 1, "num_statements": 1, "percent_covered": 100.0, "percent_covered_display": "100", "missing_lines": 0, "excluded_lines": 0, "num_branches": 0, "num_partial_branches": 0, "covered_branches": 0, "missing_branches": 0}, "missing_lines": [], "excluded_lines": [], "executed_branches": [], "missing_branches": []}, "DbPage._add_child_at": {"executed_lines": [185, 186, 187, 188], "summary": {"covered_lines": 4, "num_statements": 4, "percent_covered": 100.0, "percent_covered_display": "100", "missing_lines": 0, "excluded_lines": 0, "num_branches": 0, "num_partial_branches": 0, "covered_branches": 0, "missing_branches": 0}, "missing_lines": [], "excluded_lines": [], "executed_branches": [], "missing_branches": []}, "main": {"executed_lines": [], "summary": {"covered_lines": 0, "num_statements": 21, "percent_covered": 0.0, "percent_covered_display": "0", "missing_lines": 21, "excluded_lines": 0, "num_branches": 10, "num_partial_branches": 0, "covered_branches": 0, "missing_branches": 10}, "missing_lines": [192, 193, 194, 195, 196, 197, 198, 200, 201, 202, 203, 204, 205, 206, 207, 208, 209, 210, 211, 212, 214], "excluded_lines": [], "executed_branches": [], "missing_branches": [[194, 195], [194, 196], [197, 198], [197, 200], [201, 202], [201, 205], [205, 206], [205, 208], [210, 211], [210, 214]]}, "": {"executed_lines": [1, 2, 3, 4, 5, 6, 7, 8, 10, 11, 14, 15, 16, 19, 23, 24, 26, 29, 30, 31, 32, 33, 35, 38, 41, 44, 47, 51, 52, 53, 55, 65, 70, 76, 84, 85, 86, 87, 89, 91, 133, 147, 148, 151, 152, 155, 156, 159, 169, 175, 181, 184, 191, 217], "summary": {"covered_lines": 54, "num_statements": 55, "percent_covered": 97.01492537313433, "percent_covered_display": "97", "missing_lines": 1, "excluded_lines": 0, "num_branches": 12, "num_partial_branches": 1, "covered_branches": 11, "missing_branches": 1}, "missing_lines": [218], "excluded_lines": [], "executed_branches": [[51, 52], [51, 53], [84, 85], [84, 86], [148, 147], [148, 151], [152, 151], [152, 155], [156, 155], [156, 159], [217, -1]], "missing_branches": [[217, 218]]}}, "classes": {"DotCommands": {"executed_lines": [], "summary": {"covered_lines": 0, "num_statements": 0, "percent_covered": 100.0, "percent_covered_display": "100", "missing_lines": 0, "excluded_lines": 0, "num_branches": 0, "num_partial_branches": 0, "covered_branches": 0, "missing_branches": 0}, "missing_lines": [], "excluded_lines": [], "executed_branches": [], "missing_branches": []}, "PageType": {"executed_lines": [36, 39, 42, 48], "summary": {"covered_lines": 4, "num_statements": 5, "percent_covered": 80.0, "percent_covered_display": "80", "missing_lines": 1, "excluded_lines": 0, "num_branches": 0, "num_partial_branches": 0, "covered_branches": 0, "missing_branches": 0}, "missing_lines": [45], "excluded_lines": [], "executed_branches": [], "missing_branches": []}, "DbInfo": {"executed_lines": [56, 57, 58, 59, 60, 61, 62, 63, 66, 67, 68, 71], "summary": {"covered_lines": 12, "num_statements": 12, "percent_covered": 100.0, "percent_covered_display": "100", "missing_lines": 0, "excluded_lines": 0, "num_branches": 6, "num_partial_branches": 0, "covered_branches": 6, "missing_branches": 0}, "missing_lines": [], "excluded_lines": [], "executed_branches": [[56, -55], [56, 57], [66, -65], [66, 67], [67, 66], [67, 68]], "missing_branches": []}, "DbPage": {"executed_lines": [92, 93, 94, 95, 96, 97, 98, 100, 104, 107, 108, 110, 114, 120, 121, 122, 123, 124, 126, 127, 128, 129, 131, 149, 153, 157, 160, 163, 164, 165, 167, 176, 179, 182, 185, 186, 187, 188], "summary": {"covered_lines": 38, "num_statements": 48, "percent_covered": 75.80645161290323, "percent_covered_display": "76", "missing_lines": 10, "excluded_lines": 0, "num_branches": 14, "num_partial_branches": 3, "covered_branches": 9, "missing_branches": 5}, "missing_lines": [125, 134, 135, 140, 141, 144, 145, 166, 170, 173], "excluded_lines": [], "executed_branches": [[121, 122], [121, 126], [122, 123], [122, 124], [124, -91], [126, 127], [127, 128], [127, 131], [165, 167]], "missing_branches": [[124, 125], [126, -91], [141, -141], [141, 144], [165, 166]]}, "": {"executed_lines": [1, 2, 3, 4, 5, 6, 7, 8, 10, 11, 14, 15, 16, 19, 23, 24, 26, 29, 30, 31, 32, 33, 35, 38, 41, 44, 47, 51, 52, 53, 55, 65, 70, 76, 77, 84, 85, 86, 87, 89, 91, 133, 147, 148, 151, 152, 155, 156, 159, 169, 175, 181, 184, 191, 217], "summary": {"covered_lines": 55, "num_statements": 77, "percent_covered": 66.66666666666667, "percent_covered_display": "67", "missing_lines": 22, "excluded_lines": 0, "num_branches": 22, "num_partial_branches": 1, "covered_branches": 11, "missing_branches": 11}, "missing_lines": [192, 193, 194, 195, 196, 197, 198, 200, 201, 202, 203, 204, 205, 206, 207, 208, 209, 210, 211, 212, 214, 218], "excluded_lines": [], "executed_branches": [[51, 52], [51, 53], [84, 85], [84, 86], [148, 147], [148, 151], [152, 151], [152, 155], [156, 155], [156, 159], [217, -1]], "missing_branches": [[194, 195], [194, 196], [197, 198], [197, 200], [201, 202], [201, 205], [205, 206], [205, 208], [210, 211], [210, 214], [217, 218]]}}}, "app\\varint.py": {"executed_lines": [1, 4, 5, 7, 10, 13, 16, 18, 19, 21, 22, 23, 24, 26, 28, 31, 32, 35, 36], "summary": {"covered_lines": 19, "num_statements": 19, "percent_covered": 100.0, "percent_covered_display": "100", "missing_lines": 0, "excluded_lines": 0, "num_branches": 6, "num_partial_branches": 0, "covered_branches": 6, "missing_branches": 0}, "missing_lines": [], "excluded_lines": [], "executed_branches": [[7, 7], [7, 10], [7, 18], [13, 7], [13, 13], [13, 16], [23, 24], [23, 26]], "missing_branches": [], "functions": {"varint": {"executed_lines": [5, 7, 10, 13, 16, 18, 19, 21, 22, 23, 24, 26, 28], "summary": {"covered_lines": 13, "num_statements": 13, "percent_covered": 100.0, "percent_covered_display": "100", "missing_lines": 0, "excluded_lines": 0, "num_branches": 6, "num_partial_branches": 0, "covered_branches": 6, "missing_branches": 0}, "missing_lines": [], "excluded_lines": [], "executed_branches": [[7, 7], [7, 10], [7, 18], [13, 7], [13, 13], [13, 16], [23, 24], [23, 26]], "missing_branches": []}, "_high_bit": {"executed_lines": [32], "summary": {"covered_lines": 1, "num_statements": 1, "percent_covered": 100.0, "percent_covered_display": "100", "missing_lines": 0, "excluded_lines": 0, "num_branches": 0, "num_partial_branches": 0, "covered_branches": 0, "missing_branches": 0}, "missing_lines": [], "excluded_lines": [], "executed_branches": [], "missing_branches": []}, "_lower7": {"executed_lines": [36], "summary": {"covered_lines": 1, "num_statements": 1, "percent_covered": 100.0, "percent_covered_display": "100", "missing_lines": 0, "excluded_lines": 0, "num_branches": 0, "num_partial_branches": 0, "covered_branches": 0, "missing_branches": 0}, "missing_lines": [], "excluded_lines": [], "executed_branches": [], "missing_branches": []}, "": {"executed_lines": [1, 4, 31, 35], "summary": {"covered_lines": 4, "num_statements": 4, "percent_covered": 100.0, "percent_covered_display": "100", "missing_lines": 0, "excluded_lines": 0, "num_branches": 0, "num_partial_branches": 0, "covered_branches": 0, "missing_branches": 0}, "missing_lines": [], "excluded_lines": [], "executed_branches": [], "missing_branches": []}}, "classes": {"": {"executed_lines": [1, 4, 5, 7, 10, 13, 16, 18, 19, 21, 22, 23, 24, 26, 28, 31, 32, 35, 36], "summary": {"covered_lines": 19, "num_statements": 19, "percent_covered": 100.0, "percent_covered_display": "100", "missing_lines": 0, "excluded_lines": 0, "num_branches": 6, "num_partial_branches": 0, "covered_branches": 6, "missing_branches": 0}, "missing_lines": [], "excluded_lines": [], "executed_branches": [[7, 7], [7, 10], [7, 18], [13, 7], [13, 13], [13, 16], [23, 24], [23, 26]], "missing_branches": []}}}, "test_cells.py": {"executed_lines": [1, 3, 4, 7, 11, 12, 18, 23, 24, 27, 28, 29, 30, 31, 32, 33, 34, 35, 36, 39, 40, 41, 42, 43, 44, 45, 46, 49, 50, 51, 52, 53, 54, 55, 56], "summary": {"covered_lines": 35, "num_statements": 35, "percent_covered": 100.0, "percent_covered_display": "100", "missing_lines": 0, "excluded_lines": 0, "num_branches": 6, "num_partial_branches": 0, "covered_branches": 6, "missing_branches": 0}, "missing_lines": [], "excluded_lines": [], "executed_branches": [[11, 7], [11, 18], [23, 18], [23, 27], [28, 29], [28, 30]], "missing_branches": [], "functions": {"test_decode_integer": {"executed_lines": [12], "summary": {"covered_lines": 1, "num_statements": 1, "percent_covered": 100.0, "percent_covered_display": "100", "missing_lines": 0, "excluded_lines": 0, "num_branches": 0, "num_partial_branches": 0, "covered_branches": 0, "missing_branches": 0}, "missing_lines": [], "excluded_lines": [], "executed_branches": [], "missing_branches": []}, "test_decode_literal": {"executed_lines": [24], "summary": {"covered_lines": 1, "num_statements": 1, "percent_covered": 100.0, "percent_covered_display": "100", "missing_lines": 0, "excluded_lines": 0, "num_branches": 0, "num_partial_branches": 0, "covered_branches": 0, "missing_branches": 0}, "missing_lines": [], "excluded_lines": [], "executed_branches": [], "missing_branches": []}, "test_decode_bad_unicode": {"executed_lines": [28, 29, 30, 31, 32, 33, 34, 35, 36], "summary": {"covered_lines": 9, "num_statements": 9, "percent_covered": 100.0, "percent_covered_display": "100", "missing_lines": 0, "excluded_lines": 0, "num_branches": 2, "num_partial_branches": 0, "covered_branches": 2, "missing_branches": 0}, "missing_lines": [], "excluded_lines": [], "executed_branches": [[28, 29], [28, 30]], "missing_branches": []}, "test_bad_unicode_in_cell": {"executed_lines": [40, 41, 42, 43, 44, 45, 46, 49, 50, 51, 52, 53, 54, 55, 56], "summary": {"covered_lines": 15, "num_statements": 15, "percent_covered": 100.0, "percent_covered_display": "100", "missing_lines": 0, "excluded_lines": 0, "num_branches": 0, "num_partial_branches": 0, "covered_branches": 0, "missing_branches": 0}, "missing_lines": [], "excluded_lines": [], "executed_branches": [], "missing_branches": []}, "": {"executed_lines": [1, 3, 4, 7, 11, 18, 23, 27, 39], "summary": {"covered_lines": 9, "num_statements": 9, "percent_covered": 100.0, "percent_covered_display": "100", "missing_lines": 0, "excluded_lines": 0, "num_branches": 4, "num_partial_branches": 0, "covered_branches": 4, "missing_branches": 0}, "missing_lines": [], "excluded_lines": [], "executed_branches": [[11, 7], [11, 18], [23, 18], [23, 27]], "missing_branches": []}}, "classes": {"": {"executed_lines": [1, 3, 4, 7, 11, 12, 18, 23, 24, 27, 28, 29, 30, 31, 32, 33, 34, 35, 36, 39, 40, 41, 42, 43, 44, 45, 46, 49, 50, 51, 52, 53, 54, 55, 56], "summary": {"covered_lines": 35, "num_statements": 35, "percent_covered": 100.0, "percent_covered_display": "100", "missing_lines": 0, "excluded_lines": 0, "num_branches": 6, "num_partial_branches": 0, "covered_branches": 6, "missing_branches": 0}, "missing_lines": [], "excluded_lines": [], "executed_branches": [[11, 7], [11, 18], [23, 18], [23, 27], [28, 29], [28, 30]], "missing_branches": []}}}, "test_dbinfo.py": {"executed_lines": [1, 3, 5, 6, 8, 11, 12, 15, 16, 17, 19, 20, 21, 24, 38, 39, 40, 43, 44, 45, 48, 49, 50, 53, 54, 55, 58, 59, 64, 67, 68, 69, 70, 71, 72, 73, 76, 77, 78, 79, 80, 81], "summary": {"covered_lines": 42, "num_statements": 42, "percent_covered": 100.0, "percent_covered_display": "100", "missing_lines": 0, "excluded_lines": 0, "num_branches": 8, "num_partial_branches": 0, "covered_branches": 8, "missing_branches": 0}, "missing_lines": [], "excluded_lines": [], "executed_branches": [[16, 17], [16, 19], [38, 24], [38, 43], [68, 67], [68, 76], [77, -1], [77, 76]], "missing_branches": [], "functions": {"test_page_size": {"executed_lines": [12], "summary": {"covered_lines": 1, "num_statements": 1, "percent_covered": 100.0, "percent_covered_display": "100", "missing_lines": 0, "excluded_lines": 0, "num_branches": 0, "num_partial_branches": 0, "covered_branches": 0, "missing_branches": 0}, "missing_lines": [], "excluded_lines": [], "executed_branches": [], "missing_branches": []}, "test_tables_in_sample": {"executed_lines": [16, 17, 19, 20, 21], "summary": {"covered_lines": 5, "num_statements": 5, "percent_covered": 100.0, "percent_covered_display": "100", "missing_lines": 0, "excluded_lines": 0, "num_branches": 2, "num_partial_branches": 0, "covered_branches": 2, "missing_branches": 0}, "missing_lines": [], "excluded_lines": [], "executed_branches": [[16, 17], [16, 19]], "missing_branches": []}, "test_number_of_tables": {"executed_lines": [39, 40], "summary": {"covered_lines": 2, "num_statements": 2, "percent_covered": 100.0, "percent_covered_display": "100", "missing_lines": 0, "excluded_lines": 0, "num_branches": 0, "num_partial_branches": 0, "covered_branches": 0, "missing_branches": 0}, "missing_lines": [], "excluded_lines": [], "executed_branches": [], "missing_branches": []}, "test_minimum_page_size": {"executed_lines": [44, 45], "summary": {"covered_lines": 2, "num_statements": 2, "percent_covered": 100.0, "percent_covered_display": "100", "missing_lines": 0, "excluded_lines": 0, "num_branches": 0, "num_partial_branches": 0, "covered_branches": 0, "missing_branches": 0}, "missing_lines": [], "excluded_lines": [], "executed_branches": [], "missing_branches": []}, "test_default_page_size": {"executed_lines": [49, 50], "summary": {"covered_lines": 2, "num_statements": 2, "percent_covered": 100.0, "percent_covered_display": "100", "missing_lines": 0, "excluded_lines": 0, "num_branches": 0, "num_partial_branches": 0, "covered_branches": 0, "missing_branches": 0}, "missing_lines": [], "excluded_lines": [], "executed_branches": [], "missing_branches": []}, "test_max_page_size": {"executed_lines": [54, 55], "summary": {"covered_lines": 2, "num_statements": 2, "percent_covered": 100.0, "percent_covered_display": "100", "missing_lines": 0, "excluded_lines": 0, "num_branches": 0, "num_partial_branches": 0, "covered_branches": 0, "missing_branches": 0}, "missing_lines": [], "excluded_lines": [], "executed_branches": [], "missing_branches": []}, "test_extract_table_names": {"executed_lines": [59, 64], "summary": {"covered_lines": 2, "num_statements": 2, "percent_covered": 100.0, "percent_covered_display": "100", "missing_lines": 0, "excluded_lines": 0, "num_branches": 0, "num_partial_branches": 0, "covered_branches": 0, "missing_branches": 0}, "missing_lines": [], "excluded_lines": [], "executed_branches": [], "missing_branches": []}, "test_last_table": {"executed_lines": [69, 70, 71, 72, 73], "summary": {"covered_lines": 5, "num_statements": 5, "percent_covered": 100.0, "percent_covered_display": "100", "missing_lines": 0, "excluded_lines": 0, "num_branches": 0, "num_partial_branches": 0, "covered_branches": 0, "missing_branches": 0}, "missing_lines": [], "excluded_lines": [], "executed_branches": [], "missing_branches": []}, "test_table_name_case_insensitive": {"executed_lines": [78, 79, 80, 81], "summary": {"covered_lines": 4, "num_statements": 4, "percent_covered": 100.0, "percent_covered_display": "100", "missing_lines": 0, "excluded_lines": 0, "num_branches": 0, "num_partial_branches": 0, "covered_branches": 0, "missing_branches": 0}, "missing_lines": [], "excluded_lines": [], "executed_branches": [], "missing_branches": []}, "": {"executed_lines": [1, 3, 5, 6, 8, 11, 15, 24, 38, 43, 48, 53, 58, 67, 68, 76, 77], "summary": {"covered_lines": 17, "num_statements": 17, "percent_covered": 100.0, "percent_covered_display": "100", "missing_lines": 0, "excluded_lines": 0, "num_branches": 6, "num_partial_branches": 0, "covered_branches": 6, "missing_branches": 0}, "missing_lines": [], "excluded_lines": [], "executed_branches": [[38, 24], [38, 43], [68, 67], [68, 76], [77, -1], [77, 76]], "missing_branches": []}}, "classes": {"": {"executed_lines": [1, 3, 5, 6, 8, 11, 12, 15, 16, 17, 19, 20, 21, 24, 38, 39, 40, 43, 44, 45, 48, 49, 50, 53, 54, 55, 58, 59, 64, 67, 68, 69, 70, 71, 72, 73, 76, 77, 78, 79, 80, 81], "summary": {"covered_lines": 42, "num_statements": 42, "percent_covered": 100.0, "percent_covered_display": "100", "missing_lines": 0, "excluded_lines": 0, "num_branches": 8, "num_partial_branches": 0, "covered_branches": 8, "missing_branches": 0}, "missing_lines": [], "excluded_lines": [], "executed_branches": [[16, 17], [16, 19], [38, 24], [38, 43], [68, 67], [68, 76], [77, -1], [77, 76]], "missing_branches": []}}}, "test_dbpage.py": {"executed_lines": [1, 3, 5, 7, 8, 11, 12, 15, 16, 19, 20, 21, 22, 25, 26, 27, 28, 29, 32, 33, 34, 35, 36, 37, 38, 39, 42, 43, 46, 47, 48, 49, 52, 53, 54, 55, 56, 57, 60, 61, 62, 63, 64, 65, 68, 69, 70, 71, 72, 73, 76, 77, 78, 79, 80, 81, 84, 85, 86, 87, 88, 89, 92, 93, 94, 95, 96, 99, 100, 101, 102, 103, 104, 105, 106, 107], "summary": {"covered_lines": 76, "num_statements": 76, "percent_covered": 99.12280701754386, "percent_covered_display": "99", "missing_lines": 0, "excluded_lines": 0, "num_branches": 38, "num_partial_branches": 1, "covered_branches": 37, "missing_branches": 1}, "missing_lines": [], "excluded_lines": [], "executed_branches": [[20, -19], [20, 21], [27, 28], [27, 29], [34, 35], [34, 38], [36, 34], [36, 37], [43, -43], [43, -42], [43, 43], [47, 46], [47, 52], [53, 52], [53, 60], [61, 60], [61, 68], [64, -64], [64, 64], [64, 65], [65, -65], [65, -60], [65, 65], [69, 68], [69, 76], [73, -73], [73, -68], [73, 73], [77, 76], [77, 84], [81, -81], [81, -76], [81, 81], [85, 84], [85, 92], [89, -89], [89, -84], [89, 89], [93, 92], [93, 99], [96, -92], [100, -1], [100, 99]], "missing_branches": [[96, -96]], "functions": {"build_sqlite_schema_table": {"executed_lines": [12, 15, 16], "summary": {"covered_lines": 3, "num_statements": 3, "percent_covered": 100.0, "percent_covered_display": "100", "missing_lines": 0, "excluded_lines": 0, "num_branches": 0, "num_partial_branches": 0, "covered_branches": 0, "missing_branches": 0}, "missing_lines": [], "excluded_lines": [], "executed_branches": [], "missing_branches": []}, "build_in_memory_test_database": {"executed_lines": [20, 21, 22], "summary": {"covered_lines": 3, "num_statements": 3, "percent_covered": 100.0, "percent_covered_display": "100", "missing_lines": 0, "excluded_lines": 0, "num_branches": 2, "num_partial_branches": 0, "covered_branches": 2, "missing_branches": 0}, "missing_lines": [], "excluded_lines": [], "executed_branches": [[20, -19], [20, 21]], "missing_branches": []}, "build_test_database": {"executed_lines": [26, 27, 28, 29], "summary": {"covered_lines": 4, "num_statements": 4, "percent_covered": 100.0, "percent_covered_display": "100", "missing_lines": 0, "excluded_lines": 0, "num_branches": 2, "num_partial_branches": 0, "covered_branches": 2, "missing_branches": 0}, "missing_lines": [], "excluded_lines": [], "executed_branches": [[27, 28], [27, 29]], "missing_branches": []}, "create_tables": {"executed_lines": [33, 34, 35, 36, 37, 38, 39], "summary": {"covered_lines": 7, "num_statements": 7, "percent_covered": 100.0, "percent_covered_display": "100", "missing_lines": 0, "excluded_lines": 0, "num_branches": 4, "num_partial_branches": 0, "covered_branches": 4, "missing_branches": 0}, "missing_lines": [], "excluded_lines": [], "executed_branches": [[34, 35], [34, 38], [36, 34], [36, 37]], "missing_branches": []}, "children_are_leaves": {"executed_lines": [43], "summary": {"covered_lines": 1, "num_statements": 1, "percent_covered": 100.0, "percent_covered_display": "100", "missing_lines": 0, "excluded_lines": 0, "num_branches": 2, "num_partial_branches": 0, "covered_branches": 2, "missing_branches": 0}, "missing_lines": [], "excluded_lines": [], "executed_branches": [[43, -43], [43, -42], [43, 43]], "missing_branches": []}, "test_table_names": {"executed_lines": [48, 49], "summary": {"covered_lines": 2, "num_statements": 2, "percent_covered": 100.0, "percent_covered_display": "100", "missing_lines": 0, "excluded_lines": 0, "num_branches": 0, "num_partial_branches": 0, "covered_branches": 0, "missing_branches": 0}, "missing_lines": [], "excluded_lines": [], "executed_branches": [], "missing_branches": []}, "test_sqlite_schema_table": {"executed_lines": [54, 55, 56, 57], "summary": {"covered_lines": 4, "num_statements": 4, "percent_covered": 100.0, "percent_covered_display": "100", "missing_lines": 0, "excluded_lines": 0, "num_branches": 0, "num_partial_branches": 0, "covered_branches": 0, "missing_branches": 0}, "missing_lines": [], "excluded_lines": [], "executed_branches": [], "missing_branches": []}, "test_sqlite_schema_table_spanning_two_pages": {"executed_lines": [62, 63, 64, 65], "summary": {"covered_lines": 4, "num_statements": 4, "percent_covered": 100.0, "percent_covered_display": "100", "missing_lines": 0, "excluded_lines": 0, "num_branches": 4, "num_partial_branches": 0, "covered_branches": 4, "missing_branches": 0}, "missing_lines": [], "excluded_lines": [], "executed_branches": [[64, -64], [64, 64], [64, 65], [65, -65], [65, -60], [65, 65]], "missing_branches": []}, "test_sqlite_schema_table_spanning_three_pages": {"executed_lines": [70, 71, 72, 73], "summary": {"covered_lines": 4, "num_statements": 4, "percent_covered": 100.0, "percent_covered_display": "100", "missing_lines": 0, "excluded_lines": 0, "num_branches": 2, "num_partial_branches": 0, "covered_branches": 2, "missing_branches": 0}, "missing_lines": [], "excluded_lines": [], "executed_branches": [[73, -73], [73, -68], [73, 73]], "missing_branches": []}, "test_sqlite_schema_table_spanning_four_pages": {"executed_lines": [78, 79, 80, 81], "summary": {"covered_lines": 4, "num_statements": 4, "percent_covered": 100.0, "percent_covered_display": "100", "missing_lines": 0, "excluded_lines": 0, "num_branches": 2, "num_partial_branches": 0, "covered_branches": 2, "missing_branches": 0}, "missing_lines": [], "excluded_lines": [], "executed_branches": [[81, -81], [81, -76], [81, 81]], "missing_branches": []}, "test_sqlite_schema_table_depth_one": {"executed_lines": [86, 87, 88, 89], "summary": {"covered_lines": 4, "num_statements": 4, "percent_covered": 100.0, "percent_covered_display": "100", "missing_lines": 0, "excluded_lines": 0, "num_branches": 2, "num_partial_branches": 0, "covered_branches": 2, "missing_branches": 0}, "missing_lines": [], "excluded_lines": [], "executed_branches": [[89, -89], [89, -84], [89, 89]], "missing_branches": []}, "test_sqlite_schema_table_spanning_more_depth": {"executed_lines": [94, 95, 96], "summary": {"covered_lines": 3, "num_statements": 3, "percent_covered": 80.0, "percent_covered_display": "80", "missing_lines": 0, "excluded_lines": 0, "num_branches": 2, "num_partial_branches": 1, "covered_branches": 1, "missing_branches": 1}, "missing_lines": [], "excluded_lines": [], "executed_branches": [[96, -92]], "missing_branches": [[96, -96]]}, "test_empty_last_table": {"executed_lines": [101, 102, 103, 104, 105, 106, 107], "summary": {"covered_lines": 7, "num_statements": 7, "percent_covered": 100.0, "percent_covered_display": "100", "missing_lines": 0, "excluded_lines": 0, "num_branches": 0, "num_partial_branches": 0, "covered_branches": 0, "missing_branches": 0}, "missing_lines": [], "excluded_lines": [], "executed_branches": [], "missing_branches": []}, "": {"executed_lines": [1, 3, 5, 7, 8, 11, 19, 25, 32, 42, 46, 47, 52, 53, 60, 61, 68, 69, 76, 77, 84, 85, 92, 93, 99, 100], "summary": {"covered_lines": 26, "num_statements": 26, "percent_covered": 100.0, "percent_covered_display": "100", "missing_lines": 0, "excluded_lines": 0, "num_branches": 16, "num_partial_branches": 0, "covered_branches": 16, "missing_branches": 0}, "missing_lines": [], "excluded_lines": [], "executed_branches": [[47, 46], [47, 52], [53, 52], [53, 60], [61, 60], [61, 68], [69, 68], [69, 76], [77, 76], [77, 84], [85, 84], [85, 92], [93, 92], [93, 99], [100, -1], [100, 99]], "missing_branches": []}}, "classes": {"": {"executed_lines": [1, 3, 5, 7, 8, 11, 12, 15, 16, 19, 20, 21, 22, 25, 26, 27, 28, 29, 32, 33, 34, 35, 36, 37, 38, 39, 42, 43, 46, 47, 48, 49, 52, 53, 54, 55, 56, 57, 60, 61, 62, 63, 64, 65, 68, 69, 70, 71, 72, 73, 76, 77, 78, 79, 80, 81, 84, 85, 86, 87, 88, 89, 92, 93, 94, 95, 96, 99, 100, 101, 102, 103, 104, 105, 106, 107], "summary": {"covered_lines": 76, "num_statements": 76, "percent_covered": 99.12280701754386, "percent_covered_display": "99", "missing_lines": 0, "excluded_lines": 0, "num_branches": 38, "num_partial_branches": 1, "covered_branches": 37, "missing_branches": 1}, "missing_lines": [], "excluded_lines": [], "executed_branches": [[20, -19], [20, 21], [27, 28], [27, 29], [34, 35], [34, 38], [36, 34], [36, 37], [43, -43], [43, -42], [43, 43], [47, 46], [47, 52], [53, 52], [53, 60], [61, 60], [61, 68], [64, -64], [64, 64], [64, 65], [65, -65], [65, -60], [65, 65], [69, 68], [69, 76], [73, -73], [73, -68], [73, 73], [77, 76], [77, 84], [81, -81], [81, -76], [81, 81], [85, 84], [85, 92], [89, -89], [89, -84], [89, 89], [93, 92], [93, 99], [96, -92], [100, -1], [100, 99]], "missing_branches": [[96, -96]]}}}, "test_varint.py": {"executed_lines": [1, 3, 6, 7, 8, 11, 23, 24, 27, 42, 43, 46, 47, 67, 68, 69, 77, 78, 79, 80, 83, 84, 85, 86, 89, 90, 95, 96, 97, 98, 101, 102, 103, 104, 105, 108, 109, 110, 111, 112], "summary": {"covered_lines": 40, "num_statements": 40, "percent_covered": 100.0, "percent_covered_display": "100", "missing_lines": 0, "excluded_lines": 0, "num_branches": 16, "num_partial_branches": 0, "covered_branches": 16, "missing_branches": 0}, "missing_lines": [], "excluded_lines": [], "executed_branches": [[23, 11], [23, 27], [42, 27], [42, 46], [68, 67], [68, 77], [78, 77], [78, 83], [84, 83], [84, 89], [96, 95], [96, 101], [102, 101], [102, 108], [109, -1], [109, 108]], "missing_branches": [], "functions": {"huffman_decode": {"executed_lines": [7, 8], "summary": {"covered_lines": 2, "num_statements": 2, "percent_covered": 100.0, "percent_covered_display": "100", "missing_lines": 0, "excluded_lines": 0, "num_branches": 0, "num_partial_branches": 0, "covered_branches": 0, "missing_branches": 0}, "missing_lines": [], "excluded_lines": [], "executed_branches": [], "missing_branches": []}, "test_15_bit_huffman": {"executed_lines": [24], "summary": {"covered_lines": 1, "num_statements": 1, "percent_covered": 100.0, "percent_covered_display": "100", "missing_lines": 0, "excluded_lines": 0, "num_branches": 0, "num_partial_branches": 0, "covered_branches": 0, "missing_branches": 0}, "missing_lines": [], "excluded_lines": [], "executed_branches": [], "missing_branches": []}, "test_23_bit_huffman": {"executed_lines": [43], "summary": {"covered_lines": 1, "num_statements": 1, "percent_covered": 100.0, "percent_covered_display": "100", "missing_lines": 0, "excluded_lines": 0, "num_branches": 0, "num_partial_branches": 0, "covered_branches": 0, "missing_branches": 0}, "missing_lines": [], "excluded_lines": [], "executed_branches": [], "missing_branches": []}, "test_64_bit_huffman": {"executed_lines": [47], "summary": {"covered_lines": 1, "num_statements": 1, "percent_covered": 100.0, "percent_covered_display": "100", "missing_lines": 0, "excluded_lines": 0, "num_branches": 0, "num_partial_branches": 0, "covered_branches": 0, "missing_branches": 0}, "missing_lines": [], "excluded_lines": [], "executed_branches": [], "missing_branches": []}, "test_max_huffman": {"executed_lines": [69], "summary": {"covered_lines": 1, "num_statements": 1, "percent_covered": 100.0, "percent_covered_display": "100", "missing_lines": 0, "excluded_lines": 0, "num_branches": 0, "num_partial_branches": 0, "covered_branches": 0, "missing_branches": 0}, "missing_lines": [], "excluded_lines": [], "executed_branches": [], "missing_branches": []}, "test_min_huffman": {"executed_lines": [79, 80], "summary": {"covered_lines": 2, "num_statements": 2, "percent_covered": 100.0, "percent_covered_display": "100", "missing_lines": 0, "excluded_lines": 0, "num_branches": 0, "num_partial_branches": 0, "covered_branches": 0, "missing_branches": 0}, "missing_lines": [], "excluded_lines": [], "executed_branches": [], "missing_branches": []}, "test_min_varint": {"executed_lines": [85, 86], "summary": {"covered_lines": 2, "num_statements": 2, "percent_covered": 100.0, "percent_covered_display": "100", "missing_lines": 0, "excluded_lines": 0, "num_branches": 0, "num_partial_branches": 0, "covered_branches": 0, "missing_branches": 0}, "missing_lines": [], "excluded_lines": [], "executed_branches": [], "missing_branches": []}, "min_varint": {"executed_lines": [90], "summary": {"covered_lines": 1, "num_statements": 1, "percent_covered": 100.0, "percent_covered_display": "100", "missing_lines": 0, "excluded_lines": 0, "num_branches": 0, "num_partial_branches": 0, "covered_branches": 0, "missing_branches": 0}, "missing_lines": [], "excluded_lines": [], "executed_branches": [], "missing_branches": []}, "test_zero_varint": {"executed_lines": [97, 98], "summary": {"covered_lines": 2, "num_statements": 2, "percent_covered": 100.0, "percent_covered_display": "100", "missing_lines": 0, "excluded_lines": 0, "num_branches": 0, "num_partial_branches": 0, "covered_branches": 0, "missing_branches": 0}, "missing_lines": [], "excluded_lines": [], "executed_branches": [], "missing_branches": []}, "test_problem_varint": {"executed_lines": [103, 104, 105], "summary": {"covered_lines": 3, "num_statements": 3, "percent_covered": 100.0, "percent_covered_display": "100", "missing_lines": 0, "excluded_lines": 0, "num_branches": 0, "num_partial_branches": 0, "covered_branches": 0, "missing_branches": 0}, "missing_lines": [], "excluded_lines": [], "executed_branches": [], "missing_branches": []}, "test_ok_varint": {"executed_lines": [110, 111, 112], "summary": {"covered_lines": 3, "num_statements": 3, "percent_covered": 100.0, "percent_covered_display": "100", "missing_lines": 0, "excluded_lines": 0, "num_branches": 0, "num_partial_branches": 0, "covered_branches": 0, "missing_branches": 0}, "missing_lines": [], "excluded_lines": [], "executed_branches": [], "missing_branches": []}, "": {"executed_lines": [1, 3, 6, 11, 23, 27, 42, 46, 67, 68, 77, 78, 83, 84, 89, 95, 96, 101, 102, 108, 109], "summary": {"covered_lines": 21, "num_statements": 21, "percent_covered": 100.0, "percent_covered_display": "100", "missing_lines": 0, "excluded_lines": 0, "num_branches": 16, "num_partial_branches": 0, "covered_branches": 16, "missing_branches": 0}, "missing_lines": [], "excluded_lines": [], "executed_branches": [[23, 11], [23, 27], [42, 27], [42, 46], [68, 67], [68, 77], [78, 77], [78, 83], [84, 83], [84, 89], [96, 95], [96, 101], [102, 101], [102, 108], [109, -1], [109, 108]], "missing_branches": []}}, "classes": {"": {"executed_lines": [1, 3, 6, 7, 8, 11, 23, 24, 27, 42, 43, 46, 47, 67, 68, 69, 77, 78, 79, 80, 83, 84, 85, 86, 89, 90, 95, 96, 97, 98, 101, 102, 103, 104, 105, 108, 109, 110, 111, 112], "summary": {"covered_lines": 40, "num_statements": 40, "percent_covered": 100.0, "percent_covered_display": "100", "missing_lines": 0, "excluded_lines": 0, "num_branches": 16, "num_partial_branches": 0, "covered_branches": 16, "missing_branches": 0}, "missing_lines": [], "excluded_lines": [], "executed_branches": [[23, 11], [23, 27], [42, 27], [42, 46], [68, 67], [68, 77], [78, 77], [78, 83], [84, 83], [84, 89], [96, 95], [96, 101], [102, 101], [102, 108], [109, -1], [109, 108]], "missing_branches": []}}}}, "totals": {"covered_lines": 405, "num_statements": 440, "percent_covered": 90.59233449477352, "percent_covered_display": "91", "missing_lines": 35, "excluded_lines": 0, "num_branches": 134, "num_partial_branches": 7, "covered_branches": 115, "missing_branches": 19}}